<?xml version="1.0" encoding="UTF-8"?>
<!-- Generated by org.testng.reporters.JUnitReportReporter -->
<testsuite skipped="0" hostname="WINDOWS-4CP03MR" name="Demo1_POST_Request" tests="1" failures="0" timestamp="2022-12-30T10:54:55 EST" time="3.584" errors="0">
  <testcase name="createToken" time="3.584" classname="Demo1_POST_Request"/>
  <system-out/>
</testsuite> <!-- Demo1_POST_Request -->
