<?xml version="1.0" encoding="UTF-8"?>
<!-- Generated by org.testng.reporters.JUnitReportReporter -->
<testsuite skipped="0" hostname="WINDOWS-4CP03MR" name="Demo5_ValidateNodesInJson" tests="1" failures="0" timestamp="2022-12-30T12:08:33 EST" time="4.975" errors="0">
  <testcase name="validateJsonNode" time="4.975" classname="Demo5_ValidateNodesInJson"/>
  <system-out/>
</testsuite> <!-- Demo5_ValidateNodesInJson -->
