<?xml version="1.0" encoding="UTF-8"?>
<!-- Generated by org.testng.reporters.JUnitReportReporter -->
<testsuite skipped="0" hostname="WINDOWS-4CP03MR" name="Demo2_GET_Request" tests="1" failures="0" timestamp="2022-12-30T11:15:49 EST" time="3.869" errors="0">
  <testcase name="getbookingDetails" time="3.869" classname="Demo2_GET_Request"/>
  <system-out/>
</testsuite> <!-- Demo2_GET_Request -->
