<?xml version="1.0" encoding="UTF-8"?>
<!-- Generated by org.testng.reporters.JUnitReportReporter -->
<testsuite skipped="0" hostname="WINDOWS-4CP03MR" name="Demo1_GET_Request" tests="1" failures="0" timestamp="2022-12-30T10:27:47 EST" time="3.578" errors="0">
  <testcase name="getweatherDetails" time="3.578" classname="Demo1_GET_Request"/>
  <system-out/>
</testsuite> <!-- Demo1_GET_Request -->
