<?xml version="1.0" encoding="UTF-8"?>
<!-- Generated by org.testng.reporters.JUnitReportReporter -->
<testsuite skipped="0" hostname="WINDOWS-4CP03MR" name="Demo4_GET_ValidateJsonResponseBody" tests="1" failures="0" timestamp="2022-12-30T11:54:39 EST" time="3.368" errors="0">
  <testcase name="getbookingDetails" time="3.368" classname="Demo4_GET_ValidateJsonResponseBody"/>
  <system-out/>
</testsuite> <!-- Demo4_GET_ValidateJsonResponseBody -->
