<?xml version="1.0" encoding="UTF-8"?>
<!-- Generated by org.testng.reporters.JUnitReportReporter -->
<testsuite skipped="0" hostname="WINDOWS-4CP03MR" name="Demo3_GET_Request" tests="1" failures="0" timestamp="2022-12-30T11:34:10 EST" time="3.138" errors="0">
  <testcase name="getbookingDetails" time="3.138" classname="Demo3_GET_Request"/>
  <system-out/>
</testsuite> <!-- Demo3_GET_Request -->
