<?xml version="1.0" encoding="UTF-8"?>
<!-- Generated by org.testng.reporters.JUnitReportReporter -->
<testsuite skipped="1" hostname="WINDOWS-4CP03MR" name="com.crm.qa.testcases.ContactsPageTest" tests="4" failures="0" timestamp="2023-01-01T20:45:32 EST" time="49.542" errors="0">
  <testcase name="verifyContactsLabelTest" time="16.556" classname="com.crm.qa.testcases.ContactsPageTest"/>
  <testcase name="selectContactsTest" time="16.174" classname="com.crm.qa.testcases.ContactsPageTest"/>
  <testcase name="multipleContactsTest" time="16.812" classname="com.crm.qa.testcases.ContactsPageTest"/>
  <testcase name="validateCreateNewContactTest" time="0.000" classname="com.crm.qa.testcases.ContactsPageTest">
    <skipped/>
  </testcase> <!-- validateCreateNewContactTest -->
</testsuite> <!-- com.crm.qa.testcases.ContactsPageTest -->
