<?xml version="1.0" encoding="UTF-8"?>
<!-- Generated by org.testng.reporters.JUnitReportReporter -->
<testsuite skipped="0" hostname="WINDOWS-4CP03MR" name="com.crm.qa.testdata.ContactsPageTest" tests="1" failures="0" timestamp="2022-12-16T22:28:07 EST" time="14.858" errors="0">
  <testcase name="validateCreateNewContactTest" time="14.858" classname="com.crm.qa.testdata.ContactsPageTest"/>
</testsuite> <!-- com.crm.qa.testdata.ContactsPageTest -->
