<?xml version="1.0" encoding="UTF-8"?>
<!-- Generated by org.testng.reporters.JUnitReportReporter -->
<testsuite skipped="0" hostname="WINDOWS-4CP03MR" name="com.crm.qa.testcases.LoginPageTest" tests="3" failures="0" timestamp="2023-01-01T20:45:32 EST" time="38.997" errors="0">
  <testcase name="loginPageTitleTest" time="10.985" classname="com.crm.qa.testcases.LoginPageTest"/>
  <testcase name="crmLogoImageTest" time="11.245" classname="com.crm.qa.testcases.LoginPageTest"/>
  <testcase name="loginTest" time="16.767" classname="com.crm.qa.testcases.LoginPageTest"/>
</testsuite> <!-- com.crm.qa.testcases.LoginPageTest -->
