<?xml version="1.0" encoding="UTF-8"?>
<!-- Generated by org.testng.reporters.JUnitReportReporter -->
<testsuite skipped="0" hostname="WINDOWS-4CP03MR" name="com.crm.qa.testdata.HomePageTest" tests="3" failures="0" timestamp="2022-12-16T16:10:10 EST" time="37.662" errors="0">
  <testcase name="verifyHomePageTitle" time="12.008" classname="com.crm.qa.testdata.HomePageTest"/>
  <testcase name="verifyUserNameTest" time="13.924" classname="com.crm.qa.testdata.HomePageTest"/>
  <testcase name="verifyContactLinkTest" time="11.730" classname="com.crm.qa.testdata.HomePageTest"/>
</testsuite> <!-- com.crm.qa.testdata.HomePageTest -->
