<?xml version="1.0" encoding="UTF-8"?>
<!-- Generated by org.testng.reporters.JUnitReportReporter -->
<testsuite skipped="0" hostname="WINDOWS-4CP03MR" name="com.crm.qa.testdata.LoginPageTest" tests="3" failures="0" timestamp="2022-12-16T16:10:10 EST" time="32.366" errors="0">
  <testcase name="loginPageTitleTest" time="10.081" classname="com.crm.qa.testdata.LoginPageTest"/>
  <testcase name="crmLogoImageTest" time="8.520" classname="com.crm.qa.testdata.LoginPageTest"/>
  <testcase name="loginTest" time="13.765" classname="com.crm.qa.testdata.LoginPageTest"/>
</testsuite> <!-- com.crm.qa.testdata.LoginPageTest -->
